Copyright 1986-2017 Xilinx, Inc. All Rights Reserved.
-------------------------------------------------------------------------------------------------------------------------------------------
| Tool Version     : Vivado v.2017.4 (win64) Build 2086221 Fri Dec 15 20:55:39 MST 2017
| Date             : Fri May 17 22:08:56 2024
| Host             : LAPTOP-I606K2C4 running 64-bit major release  (build 9200)
| Command          : report_power -file CPU_top_power_routed.rpt -pb CPU_top_power_summary_routed.pb -rpx CPU_top_power_routed.rpx
| Design           : CPU_top
| Device           : xc7a35tcsg324-1
| Design State     : routed
| Grade            : commercial
| Process          : typical
| Characterization : Production
-------------------------------------------------------------------------------------------------------------------------------------------

Power Report

Table of Contents
-----------------
1. Summary
1.1 On-Chip Components
1.2 Power Supply Summary
1.3 Confidence Level
2. Settings
2.1 Environment
2.2 Clock Constraints
3. Detailed Reports
3.1 By Hierarchy

1. Summary
----------

+--------------------------+--------------+
| Total On-Chip Power (W)  | 0.229        |
| Design Power Budget (W)  | Unspecified* |
| Power Budget Margin (W)  | NA           |
| Dynamic (W)              | 0.156        |
| Device Static (W)        | 0.073        |
| Effective TJA (C/W)      | 4.8          |
| Max Ambient (C)          | 83.9         |
| Junction Temperature (C) | 26.1         |
| Confidence Level         | Low          |
| Setting File             | ---          |
| Simulation Activity File | ---          |
| Design Nets Matched      | NA           |
+--------------------------+--------------+
* Specify Design Power Budget using, set_operating_conditions -design_power_budget <value in Watts>


1.1 On-Chip Components
----------------------

+-------------------------+-----------+----------+-----------+-----------------+
| On-Chip                 | Power (W) | Used     | Available | Utilization (%) |
+-------------------------+-----------+----------+-----------+-----------------+
| Clocks                  |     0.002 |        6 |       --- |             --- |
| Slice Logic             |     0.004 |     4101 |       --- |             --- |
|   LUT as Logic          |     0.004 |     1776 |     20800 |            8.54 |
|   CARRY4                |    <0.001 |       60 |      8150 |            0.74 |
|   F7/F8 Muxes           |    <0.001 |      290 |     32600 |            0.89 |
|   Register              |    <0.001 |     1604 |     41600 |            3.86 |
|   BUFG                  |    <0.001 |        4 |        32 |           12.50 |
|   LUT as Shift Register |    <0.001 |       10 |      9600 |            0.10 |
|   Others                |     0.000 |      136 |       --- |             --- |
| Signals                 |     0.008 |     3387 |       --- |             --- |
| Block RAM               |     0.005 |       29 |        50 |           58.00 |
| MMCM                    |     0.101 |        1 |         5 |           20.00 |
| I/O                     |     0.037 |       61 |       210 |           29.05 |
| Static Power            |     0.073 |          |           |                 |
| Total                   |     0.229 |          |           |                 |
+-------------------------+-----------+----------+-----------+-----------------+


1.2 Power Supply Summary
------------------------

+-----------+-------------+-----------+-------------+------------+
| Source    | Voltage (V) | Total (A) | Dynamic (A) | Static (A) |
+-----------+-------------+-----------+-------------+------------+
| Vccint    |       1.000 |     0.028 |       0.018 |      0.010 |
| Vccaux    |       1.800 |     0.070 |       0.057 |      0.013 |
| Vcco33    |       3.300 |     0.011 |       0.010 |      0.001 |
| Vcco25    |       2.500 |     0.000 |       0.000 |      0.000 |
| Vcco18    |       1.800 |     0.000 |       0.000 |      0.000 |
| Vcco15    |       1.500 |     0.000 |       0.000 |      0.000 |
| Vcco135   |       1.350 |     0.000 |       0.000 |      0.000 |
| Vcco12    |       1.200 |     0.000 |       0.000 |      0.000 |
| Vccaux_io |       1.800 |     0.000 |       0.000 |      0.000 |
| Vccbram   |       1.000 |     0.001 |       0.000 |      0.001 |
| MGTAVcc   |       1.000 |     0.000 |       0.000 |      0.000 |
| MGTAVtt   |       1.200 |     0.000 |       0.000 |      0.000 |
| Vccadc    |       1.800 |     0.020 |       0.000 |      0.020 |
+-----------+-------------+-----------+-------------+------------+


1.3 Confidence Level
--------------------

+-----------------------------+------------+--------------------------------------------------------+--------------------------------------------------------------------------------------------------------------------+
| User Input Data             | Confidence | Details                                                | Action                                                                                                             |
+-----------------------------+------------+--------------------------------------------------------+--------------------------------------------------------------------------------------------------------------------+
| Design implementation state | High       | Design is routed                                       |                                                                                                                    |
| Clock nodes activity        | Medium     | More than 5% of clocks are missing user specification  | Provide missing clock activity with a constraint file, simulation results or by editing the "By Clock Domain" view |
| I/O nodes activity          | Low        | More than 75% of inputs are missing user specification | Provide missing input activity with simulation results or by editing the "By Resource Type -> I/Os" view           |
| Internal nodes activity     | Medium     | User specified less than 25% of internal nodes         | Provide missing internal nodes activity with simulation results or by editing the "By Resource Type" views         |
| Device models               | High       | Device models are Production                           |                                                                                                                    |
|                             |            |                                                        |                                                                                                                    |
| Overall confidence level    | Low        |                                                        |                                                                                                                    |
+-----------------------------+------------+--------------------------------------------------------+--------------------------------------------------------------------------------------------------------------------+


2. Settings
-----------

2.1 Environment
---------------

+-----------------------+--------------------------+
| Ambient Temp (C)      | 25.0                     |
| ThetaJA (C/W)         | 4.8                      |
| Airflow (LFM)         | 250                      |
| Heat Sink             | medium (Medium Profile)  |
| ThetaSA (C/W)         | 4.6                      |
| Board Selection       | medium (10"x10")         |
| # of Board Layers     | 12to15 (12 to 15 Layers) |
| Board Temperature (C) | 25.0                     |
+-----------------------+--------------------------+


2.2 Clock Constraints
---------------------

+-------------------------+---------------------------------+-----------------+
| Clock                   | Domain                          | Constraint (ns) |
+-------------------------+---------------------------------+-----------------+
| clk_out1_cpuclk         | clock1/clk/inst/clk_out1_cpuclk |            43.5 |
| clk_out2_cpuclk         | clock1/clk/inst/clk_out2_cpuclk |           100.0 |
| clkfbout_cpuclk         | clock1/clk/inst/clkfbout_cpuclk |            50.0 |
| clock1/clk/inst/clk_in1 | fpga_clk_IBUF_BUFG              |            10.0 |
+-------------------------+---------------------------------+-----------------+


3. Detailed Reports
-------------------

3.1 By Hierarchy
----------------

+---------------------------------------------------------------------------------+-----------+
| Name                                                                            | Power (W) |
+---------------------------------------------------------------------------------+-----------+
| CPU_top                                                                         |     0.156 |
|   Ifetc32_1                                                                     |     0.008 |
|     instmem                                                                     |     0.004 |
|       U0                                                                        |     0.004 |
|         inst_blk_mem_gen                                                        |     0.004 |
|           gnbram.gnativebmg.native_blk_mem_gen                                  |     0.004 |
|             valid.cstr                                                          |     0.004 |
|               bindec_a.bindec_inst_a                                            |    <0.001 |
|               has_mux_a.A                                                       |     0.001 |
|               ramloop[0].ram.r                                                  |    <0.001 |
|                 prim_init.ram                                                   |    <0.001 |
|               ramloop[10].ram.r                                                 |    <0.001 |
|                 prim_init.ram                                                   |    <0.001 |
|               ramloop[11].ram.r                                                 |    <0.001 |
|                 prim_init.ram                                                   |    <0.001 |
|               ramloop[12].ram.r                                                 |    <0.001 |
|                 prim_init.ram                                                   |    <0.001 |
|               ramloop[13].ram.r                                                 |    <0.001 |
|                 prim_init.ram                                                   |    <0.001 |
|               ramloop[14].ram.r                                                 |    <0.001 |
|                 prim_init.ram                                                   |    <0.001 |
|               ramloop[1].ram.r                                                  |    <0.001 |
|                 prim_init.ram                                                   |    <0.001 |
|               ramloop[2].ram.r                                                  |    <0.001 |
|                 prim_init.ram                                                   |    <0.001 |
|               ramloop[3].ram.r                                                  |    <0.001 |
|                 prim_init.ram                                                   |    <0.001 |
|               ramloop[4].ram.r                                                  |    <0.001 |
|                 prim_init.ram                                                   |    <0.001 |
|               ramloop[5].ram.r                                                  |    <0.001 |
|                 prim_init.ram                                                   |    <0.001 |
|               ramloop[6].ram.r                                                  |    <0.001 |
|                 prim_init.ram                                                   |    <0.001 |
|               ramloop[7].ram.r                                                  |    <0.001 |
|                 prim_init.ram                                                   |    <0.001 |
|               ramloop[8].ram.r                                                  |    <0.001 |
|                 prim_init.ram                                                   |    <0.001 |
|               ramloop[9].ram.r                                                  |    <0.001 |
|                 prim_init.ram                                                   |    <0.001 |
|   LED                                                                           |    <0.001 |
|   MemOrIO_1                                                                     |    <0.001 |
|   clock1                                                                        |     0.102 |
|     clk                                                                         |     0.101 |
|       inst                                                                      |     0.101 |
|   decode32_1                                                                    |     0.004 |
|   dmemory32_1                                                                   |     0.003 |
|     ram                                                                         |     0.003 |
|       U0                                                                        |     0.003 |
|         inst_blk_mem_gen                                                        |     0.003 |
|           gnbram.gnativebmg.native_blk_mem_gen                                  |     0.003 |
|             valid.cstr                                                          |     0.003 |
|               bindec_a.bindec_inst_a                                            |    <0.001 |
|               has_mux_a.A                                                       |    <0.001 |
|               ramloop[0].ram.r                                                  |    <0.001 |
|                 prim_init.ram                                                   |    <0.001 |
|               ramloop[10].ram.r                                                 |    <0.001 |
|                 prim_init.ram                                                   |    <0.001 |
|               ramloop[11].ram.r                                                 |    <0.001 |
|                 prim_init.ram                                                   |    <0.001 |
|               ramloop[12].ram.r                                                 |    <0.001 |
|                 prim_init.ram                                                   |    <0.001 |
|               ramloop[13].ram.r                                                 |    <0.001 |
|                 prim_init.ram                                                   |    <0.001 |
|               ramloop[14].ram.r                                                 |    <0.001 |
|                 prim_init.ram                                                   |    <0.001 |
|               ramloop[1].ram.r                                                  |    <0.001 |
|                 prim_init.ram                                                   |    <0.001 |
|               ramloop[2].ram.r                                                  |    <0.001 |
|                 prim_init.ram                                                   |    <0.001 |
|               ramloop[3].ram.r                                                  |    <0.001 |
|                 prim_init.ram                                                   |    <0.001 |
|               ramloop[4].ram.r                                                  |    <0.001 |
|                 prim_init.ram                                                   |    <0.001 |
|               ramloop[5].ram.r                                                  |    <0.001 |
|                 prim_init.ram                                                   |    <0.001 |
|               ramloop[6].ram.r                                                  |    <0.001 |
|                 prim_init.ram                                                   |    <0.001 |
|               ramloop[7].ram.r                                                  |    <0.001 |
|                 prim_init.ram                                                   |    <0.001 |
|               ramloop[8].ram.r                                                  |    <0.001 |
|                 prim_init.ram                                                   |    <0.001 |
|               ramloop[9].ram.r                                                  |    <0.001 |
|                 prim_init.ram                                                   |    <0.001 |
|   executs32_1                                                                   |    <0.001 |
|   switch                                                                        |    <0.001 |
|   tube                                                                          |    <0.001 |
|   uart_bmpg_1                                                                   |    <0.001 |
|     inst                                                                        |    <0.001 |
|       upg_inst                                                                  |    <0.001 |
|         axi_uart_inst                                                           |    <0.001 |
|           U0                                                                    |    <0.001 |
|             AXI_LITE_IPIF_I                                                     |    <0.001 |
|               I_SLAVE_ATTACHMENT                                                |    <0.001 |
|                 I_DECODER                                                       |    <0.001 |
|                   MEM_DECODE_GEN[0].PER_CE_GEN[0].MULTIPLE_CES_THIS_CS_GEN.CE_I |    <0.001 |
|                   MEM_DECODE_GEN[0].PER_CE_GEN[2].MULTIPLE_CES_THIS_CS_GEN.CE_I |    <0.001 |
|             UARTLITE_CORE_I                                                     |    <0.001 |
|               BAUD_RATE_I                                                       |    <0.001 |
|               UARTLITE_RX_I                                                     |    <0.001 |
|                 DELAY_16_I                                                      |    <0.001 |
|                 INPUT_DOUBLE_REGS3                                              |    <0.001 |
|                 SRL_FIFO_I                                                      |    <0.001 |
|                   I_SRL_FIFO_RBU_F                                              |    <0.001 |
|                     CNTR_INCR_DECR_ADDN_F_I                                     |    <0.001 |
|                     DYNSHREG_F_I                                                |    <0.001 |
|               UARTLITE_TX_I                                                     |    <0.001 |
|                 MID_START_BIT_SRL16_I                                           |    <0.001 |
|                 SRL_FIFO_I                                                      |    <0.001 |
|                   I_SRL_FIFO_RBU_F                                              |    <0.001 |
|                     CNTR_INCR_DECR_ADDN_F_I                                     |    <0.001 |
|                     DYNSHREG_F_I                                                |    <0.001 |
+---------------------------------------------------------------------------------+-----------+


