Copyright 1986-2017 Xilinx, Inc. All Rights Reserved.
------------------------------------------------------------------------------------
| Tool Version : Vivado v.2017.4 (win64) Build 2086221 Fri Dec 15 20:55:39 MST 2017
| Date         : Thu May 16 17:45:06 2024
| Host         : LAPTOP-I606K2C4 running 64-bit major release  (build 9200)
| Command      : report_control_sets -verbose -file CPU_control_sets_placed.rpt
| Design       : CPU
| Device       : xc7a35t
------------------------------------------------------------------------------------

Control Set Information

Table of Contents
-----------------
1. Summary
2. Flip-Flop Distribution
3. Detailed Control Set Information

1. Summary
----------

+----------------------------------------------------------+-------+
|                          Status                          | Count |
+----------------------------------------------------------+-------+
| Number of unique control sets                            |    69 |
| Unused register locations in slices containing registers |   100 |
+----------------------------------------------------------+-------+


2. Flip-Flop Distribution
-------------------------

+--------------+-----------------------+------------------------+-----------------+--------------+
| Clock Enable | Synchronous Set/Reset | Asynchronous Set/Reset | Total Registers | Total Slices |
+--------------+-----------------------+------------------------+-----------------+--------------+
| No           | No                    | No                     |              95 |           47 |
| No           | No                    | Yes                    |              13 |            5 |
| No           | Yes                   | No                     |              89 |           27 |
| Yes          | No                    | No                     |              31 |           14 |
| Yes          | No                    | Yes                    |            1294 |          566 |
| Yes          | Yes                   | No                     |              26 |            8 |
+--------------+-----------------------+------------------------+-----------------+--------------+


3. Detailed Control Set Information
-----------------------------------

+-----------------------------------------+--------------------------------------------------------------------------------------------------------------------+-----------------------------------------------------------------------------------------------------------------------------+------------------+----------------+
|               Clock Signal              |                                                    Enable Signal                                                   |                                                       Set/Reset Signal                                                      | Slice Load Count | Bel Load Count |
+-----------------------------------------+--------------------------------------------------------------------------------------------------------------------+-----------------------------------------------------------------------------------------------------------------------------+------------------+----------------+
|  uart/inst/upg_inst/upg_clk_i_IBUF_BUFG | uart/inst/upg_inst/upg_done_o_i_1_n_0                                                                              | upg_rst                                                                                                                     |                1 |              1 |
|  uart/inst/upg_inst/rdStat_BUFG         | uart/inst/upg_inst/upg_wen_o2_out                                                                                  | upg_rst                                                                                                                     |                1 |              1 |
|  umem/ram_i_1_n_2                       |                                                                                                                    |                                                                                                                             |                1 |              2 |
|  uart/inst/upg_inst/rdStat_BUFG         |                                                                                                                    | upg_rst                                                                                                                     |                2 |              2 |
|  uart/inst/upg_inst/upg_clk_i_IBUF_BUFG | uart/inst/upg_inst/s_axi_wdata                                                                                     |                                                                                                                             |                2 |              3 |
|  uif/switchData_reg[7]_0[0]             |                                                                                                                    |                                                                                                                             |                1 |              4 |
|  uart/inst/upg_inst/upg_clk_i_IBUF_BUFG | uart/inst/upg_inst/s_axi_wdata                                                                                     | uart/inst/upg_inst/s_axi_wdata[6]_i_1_n_0                                                                                   |                2 |              4 |
|  uart/inst/upg_inst/upg_clk_i_IBUF_BUFG | uart/inst/upg_inst/axi_uart_inst/U0/AXI_LITE_IPIF_I/I_SLAVE_ATTACHMENT/start2                                      | uart/inst/upg_inst/axi_uart_inst/U0/AXI_LITE_IPIF_I/I_SLAVE_ATTACHMENT/I_DECODER/cs_ce_clr                                  |                1 |              4 |
|  uart/inst/upg_inst/upg_clk_i_IBUF_BUFG | uart/inst/upg_inst/axi_uart_inst/U0/UARTLITE_CORE_I/BAUD_RATE_I/en_16x_Baud                                        |                                                                                                                             |                4 |              4 |
|  fpga_clk_IBUF_BUFG                     |                                                                                                                    |                                                                                                                             |                4 |              5 |
|  uart/inst/upg_inst/upg_clk_i_IBUF_BUFG |                                                                                                                    | uart/inst/upg_inst/axi_uart_inst/U0/UARTLITE_CORE_I/UARTLITE_RX_I/SRL_FIFO_I/I_SRL_FIFO_RBU_F/CNTR_INCR_DECR_ADDN_F_I/SS[0] |                2 |              6 |
|  uart/inst/upg_inst/upg_clk_i_IBUF_BUFG |                                                                                                                    | uart/inst/upg_inst/axi_uart_inst/U0/UARTLITE_CORE_I/UARTLITE_TX_I/SRL_FIFO_I/I_SRL_FIFO_RBU_F/CNTR_INCR_DECR_ADDN_F_I/SS[0] |                2 |              6 |
|  uart/inst/upg_inst/upg_clk_i_IBUF_BUFG | uart/inst/upg_inst/axi_uart_inst/U0/AXI_LITE_IPIF_I/I_SLAVE_ATTACHMENT/I_DECODER/fifo_wr                           |                                                                                                                             |                1 |              7 |
|  uart/inst/upg_inst/upg_clk_i_IBUF_BUFG | uart/inst/upg_inst/axi_uart_inst/U0/AXI_LITE_IPIF_I/I_SLAVE_ATTACHMENT/s_axi_rdata_i                               | uart/inst/upg_inst/axi_uart_inst/U0/AXI_LITE_IPIF_I/I_SLAVE_ATTACHMENT/rst                                                  |                3 |              8 |
|  uclk/inst/clk_out1                     | uALU/E[0]                                                                                                          | udcd/AR[0]                                                                                                                  |                4 |              8 |
|  uclk/inst/clk_out1                     | uALU/ledout_reg[15][1]                                                                                             | udcd/AR[0]                                                                                                                  |                3 |              8 |
|  uclk/inst/clk_out1                     | uALU/ledout_reg[15][0]                                                                                             | udcd/AR[0]                                                                                                                  |                5 |              8 |
|  uart/inst/upg_inst/upg_clk_i_IBUF_BUFG |                                                                                                                    | uart/inst/upg_inst/axi_uart_inst/U0/AXI_LITE_IPIF_I/I_SLAVE_ATTACHMENT/rst                                                  |                3 |              8 |
|  uart/inst/upg_inst/upg_clk_i_IBUF_BUFG | uart/inst/upg_inst/uart_rdat                                                                                       |                                                                                                                             |                3 |              8 |
|  uart/inst/upg_inst/upg_clk_i_IBUF_BUFG | uart/inst/upg_inst/axi_uart_inst/U0/UARTLITE_CORE_I/UARTLITE_RX_I/SRL_FIFO_I/I_SRL_FIFO_RBU_F/DYNSHREG_F_I/fifo_wr |                                                                                                                             |                1 |              8 |
|  uart/inst/upg_inst/upg_clk_i_IBUF_BUFG | uart/inst/upg_inst/msg_indx[7]_i_1_n_0                                                                             | upg_rst                                                                                                                     |                3 |              8 |
|  uart/inst/upg_inst/rdStat_BUFG         | uart/inst/upg_inst/s_axi_aresetn0                                                                                  | upg_rst                                                                                                                     |                4 |              8 |
|  uart/inst/upg_inst/rdStat_BUFG         | uart/inst/upg_inst/byte_len[7]_i_1_n_0                                                                             | upg_rst                                                                                                                     |                2 |              9 |
|  uart/inst/upg_inst/upg_clk_i_IBUF_BUFG | uart/inst/upg_inst/axi_uart_inst/U0/UARTLITE_CORE_I/BAUD_RATE_I/en_16x_Baud                                        | upg_rst                                                                                                                     |                2 |             10 |
| ~fpga_clk_IBUF_BUFG                     |                                                                                                                    | udcd/AR[0]                                                                                                                  |                5 |             16 |
|  uart/inst/upg_inst/upg_clk_i_IBUF_BUFG | uart/inst/upg_inst/wwait_cnt[15]_i_1_n_0                                                                           | upg_rst                                                                                                                     |                4 |             16 |
|  uart/inst/upg_inst/upg_clk_i_IBUF_BUFG | uart/inst/upg_inst/rwait_cnt[15]_i_1_n_0                                                                           | upg_rst                                                                                                                     |                4 |             16 |
|  tube_clock/CLK                         | tube_tb/state2[3]_i_1_n_2                                                                                          |                                                                                                                             |                7 |             18 |
|  uart/inst/upg_inst/upg_clk_i_IBUF_BUFG |                                                                                                                    |                                                                                                                             |                8 |             20 |
|  fpga_clk_IBUF_BUFG                     |                                                                                                                    | tube_clock/tube_clk                                                                                                         |                8 |             31 |
|  uclk/inst/clk_out1                     | uif/register_reg[30][31][0]                                                                                        | udcd/AR[0]                                                                                                                  |               22 |             32 |
|  uclk/inst/clk_out1                     | uif/register_reg[3][31][0]                                                                                         | udcd/AR[0]                                                                                                                  |               10 |             32 |
|  uclk/inst/clk_out1                     | uif/register_reg[4][31][0]                                                                                         | udcd/AR[0]                                                                                                                  |               14 |             32 |
|  uclk/inst/clk_out1                     | uif/register_reg[5][31][0]                                                                                         | udcd/AR[0]                                                                                                                  |               12 |             32 |
|  uclk/inst/clk_out1                     | uif/register_reg[10][31][0]                                                                                        | udcd/AR[0]                                                                                                                  |               15 |             32 |
|  uclk/inst/clk_out1                     | uif/register_reg[29][31][0]                                                                                        | udcd/AR[0]                                                                                                                  |               21 |             32 |
|  uclk/inst/clk_out1                     | uif/register_reg[8][31][0]                                                                                         | udcd/AR[0]                                                                                                                  |               18 |             32 |
|  uclk/inst/clk_out1                     | uif/register_reg[7][31][0]                                                                                         | udcd/AR[0]                                                                                                                  |               22 |             32 |
|  uclk/inst/clk_out1                     | uif/register_reg[9][31][0]                                                                                         | udcd/AR[0]                                                                                                                  |               25 |             32 |
|  n_0_1298_BUFG                          |                                                                                                                    |                                                                                                                             |               20 |             32 |
|  n_1_1566_BUFG                          |                                                                                                                    |                                                                                                                             |               13 |             32 |
|  uclk/inst/clk_out1                     | uif/register_reg[13][31][0]                                                                                        | udcd/AR[0]                                                                                                                  |               19 |             32 |
|  uclk/inst/clk_out1                     | uif/E[0]                                                                                                           | udcd/AR[0]                                                                                                                  |               16 |             32 |
|  uclk/inst/clk_out1                     | uif/register_reg[1][31][0]                                                                                         | udcd/AR[0]                                                                                                                  |               16 |             32 |
|  uclk/inst/clk_out1                     | uif/register_reg[26][31][0]                                                                                        | udcd/AR[0]                                                                                                                  |               14 |             32 |
|  uclk/inst/clk_out1                     | uif/register_reg[27][31][0]                                                                                        | udcd/AR[0]                                                                                                                  |               12 |             32 |
|  uclk/inst/clk_out1                     | uif/register_reg[28][31][0]                                                                                        | udcd/AR[0]                                                                                                                  |               16 |             32 |
|  uclk/inst/clk_out1                     | uif/register_reg[11][31][0]                                                                                        | udcd/AR[0]                                                                                                                  |               12 |             32 |
|  uclk/inst/clk_out1                     | uif/register_reg[12][31][0]                                                                                        | udcd/AR[0]                                                                                                                  |               13 |             32 |
|  uclk/inst/clk_out1                     | uif/register_reg[16][31][0]                                                                                        | udcd/AR[0]                                                                                                                  |               11 |             32 |
|  uclk/inst/clk_out1                     | uif/register_reg[20][31][0]                                                                                        | udcd/AR[0]                                                                                                                  |               17 |             32 |
|  uclk/inst/clk_out1                     | uif/register_reg[14][31][0]                                                                                        | udcd/AR[0]                                                                                                                  |               17 |             32 |
|  uclk/inst/clk_out1                     | uif/register_reg[18][31][0]                                                                                        | udcd/AR[0]                                                                                                                  |               15 |             32 |
|  uclk/inst/clk_out1                     | uif/register_reg[24][31][0]                                                                                        | udcd/AR[0]                                                                                                                  |               11 |             32 |
|  uclk/inst/clk_out1                     | uif/register_reg[22][31][0]                                                                                        | udcd/AR[0]                                                                                                                  |               16 |             32 |
|  uclk/inst/clk_out1                     | uif/register_reg[23][31][0]                                                                                        | udcd/AR[0]                                                                                                                  |               19 |             32 |
|  uclk/inst/clk_out1                     | uif/register_reg[15][31][0]                                                                                        | udcd/AR[0]                                                                                                                  |               17 |             32 |
|  uclk/inst/clk_out1                     | uif/register_reg[17][31][0]                                                                                        | udcd/AR[0]                                                                                                                  |               14 |             32 |
|  uclk/inst/clk_out1                     | uif/register_reg[19][31][0]                                                                                        | udcd/AR[0]                                                                                                                  |                9 |             32 |
|  uclk/inst/clk_out1                     | uif/register_reg[6][31][0]                                                                                         | udcd/AR[0]                                                                                                                  |               12 |             32 |
|  uclk/inst/clk_out1                     | uif/register_reg[21][31][0]                                                                                        | udcd/AR[0]                                                                                                                  |               11 |             32 |
|  uclk/inst/clk_out1                     | uif/register_reg[25][31][0]                                                                                        | udcd/AR[0]                                                                                                                  |               10 |             32 |
|  uclk/inst/clk_out1                     | uif/register_reg[31][31][0]                                                                                        | udcd/AR[0]                                                                                                                  |               19 |             32 |
|  uclk/inst/clk_out1                     | uif/register_reg[2][31][0]                                                                                         | udcd/AR[0]                                                                                                                  |               14 |             32 |
|  uart/inst/upg_inst/upg_clk_i_IBUF_BUFG |                                                                                                                    | upg_rst                                                                                                                     |               10 |             33 |
|  uart/inst/upg_inst/rdStat_BUFG         | uart/inst/upg_inst/byte_num                                                                                        | upg_rst                                                                                                                     |                7 |             36 |
|  uart/inst/upg_inst/rdStat_BUFG         | uart/inst/upg_inst/upg_adr_o[14]_i_1_n_0                                                                           | upg_rst                                                                                                                     |               14 |             46 |
|  uart/inst/upg_inst/rdStat_BUFG         | uart/inst/upg_inst/wr_byte_num_done                                                                                | upg_rst                                                                                                                     |               12 |             49 |
|  uart/inst/upg_inst/rdStat_BUFG         | uart/inst/upg_inst/byte_cnt                                                                                        | upg_rst                                                                                                                     |               13 |             56 |
+-----------------------------------------+--------------------------------------------------------------------------------------------------------------------+-----------------------------------------------------------------------------------------------------------------------------+------------------+----------------+


+--------+-----------------------+
| Fanout | Number of ControlSets |
+--------+-----------------------+
| 1      |                     2 |
| 2      |                     2 |
| 3      |                     1 |
| 4      |                     4 |
| 5      |                     1 |
| 6      |                     2 |
| 7      |                     1 |
| 8      |                     9 |
| 9      |                     1 |
| 10     |                     1 |
| 16+    |                    45 |
+--------+-----------------------+


