Copyright 1986-2017 Xilinx, Inc. All Rights Reserved.
-------------------------------------------------------------------------------------------------------------------------------
| Tool Version     : Vivado v.2017.4 (win64) Build 2086221 Fri Dec 15 20:55:39 MST 2017
| Date             : Fri May 17 14:23:09 2024
| Host             : LAPTOP-I606K2C4 running 64-bit major release  (build 9200)
| Command          : report_power -file CPU_power_routed.rpt -pb CPU_power_summary_routed.pb -rpx CPU_power_routed.rpx
| Design           : CPU
| Device           : xc7a35tcsg324-1
| Design State     : routed
| Grade            : commercial
| Process          : typical
| Characterization : Production
-------------------------------------------------------------------------------------------------------------------------------

Power Report

Table of Contents
-----------------
1. Summary
1.1 On-Chip Components
1.2 Power Supply Summary
1.3 Confidence Level
2. Settings
2.1 Environment
2.2 Clock Constraints
3. Detailed Reports
3.1 By Hierarchy

1. Summary
----------

+--------------------------+--------------+
| Total On-Chip Power (W)  | 0.129        |
| Design Power Budget (W)  | Unspecified* |
| Power Budget Margin (W)  | NA           |
| Dynamic (W)              | 0.056        |
| Device Static (W)        | 0.073        |
| Effective TJA (C/W)      | 4.8          |
| Max Ambient (C)          | 84.4         |
| Junction Temperature (C) | 25.6         |
| Confidence Level         | Low          |
| Setting File             | ---          |
| Simulation Activity File | ---          |
| Design Nets Matched      | NA           |
+--------------------------+--------------+
* Specify Design Power Budget using, set_operating_conditions -design_power_budget <value in Watts>


1.1 On-Chip Components
----------------------

+--------------------------+-----------+----------+-----------+-----------------+
| On-Chip                  | Power (W) | Used     | Available | Utilization (%) |
+--------------------------+-----------+----------+-----------+-----------------+
| Clocks                   |     0.001 |        3 |       --- |             --- |
| Slice Logic              |     0.002 |     7066 |       --- |             --- |
|   LUT as Logic           |     0.002 |     2428 |     20800 |           11.67 |
|   CARRY4                 |    <0.001 |       88 |      8150 |            1.08 |
|   Register               |    <0.001 |     3359 |     41600 |            8.07 |
|   BUFG                   |    <0.001 |        7 |        32 |           21.88 |
|   F7/F8 Muxes            |    <0.001 |      371 |     32600 |            1.14 |
|   LUT as Distributed RAM |    <0.001 |       24 |      9600 |            0.25 |
|   LUT as Shift Register  |    <0.001 |       81 |      9600 |            0.84 |
|   Others                 |     0.000 |      318 |       --- |             --- |
| Signals                  |     0.004 |     5327 |       --- |             --- |
| Block RAM                |    <0.001 |     30.5 |        50 |           61.00 |
| PLL                      |     0.048 |        1 |         5 |           20.00 |
| I/O                      |    <0.001 |       62 |       210 |           29.52 |
| Static Power             |     0.073 |          |           |                 |
| Total                    |     0.129 |          |           |                 |
+--------------------------+-----------+----------+-----------+-----------------+


1.2 Power Supply Summary
------------------------

+-----------+-------------+-----------+-------------+------------+
| Source    | Voltage (V) | Total (A) | Dynamic (A) | Static (A) |
+-----------+-------------+-----------+-------------+------------+
| Vccint    |       1.000 |     0.018 |       0.008 |      0.010 |
| Vccaux    |       1.800 |     0.039 |       0.027 |      0.013 |
| Vcco33    |       3.300 |     0.001 |       0.000 |      0.001 |
| Vcco25    |       2.500 |     0.000 |       0.000 |      0.000 |
| Vcco18    |       1.800 |     0.000 |       0.000 |      0.000 |
| Vcco15    |       1.500 |     0.000 |       0.000 |      0.000 |
| Vcco135   |       1.350 |     0.000 |       0.000 |      0.000 |
| Vcco12    |       1.200 |     0.000 |       0.000 |      0.000 |
| Vccaux_io |       1.800 |     0.000 |       0.000 |      0.000 |
| Vccbram   |       1.000 |     0.001 |       0.000 |      0.001 |
| MGTAVcc   |       1.000 |     0.000 |       0.000 |      0.000 |
| MGTAVtt   |       1.200 |     0.000 |       0.000 |      0.000 |
| Vccadc    |       1.800 |     0.020 |       0.000 |      0.020 |
+-----------+-------------+-----------+-------------+------------+


1.3 Confidence Level
--------------------

+-----------------------------+------------+--------------------------------------------------------+--------------------------------------------------------------------------------------------------------------------+
| User Input Data             | Confidence | Details                                                | Action                                                                                                             |
+-----------------------------+------------+--------------------------------------------------------+--------------------------------------------------------------------------------------------------------------------+
| Design implementation state | High       | Design is routed                                       |                                                                                                                    |
| Clock nodes activity        | Low        | User specified less than 75% of clocks                 | Provide missing clock activity with a constraint file, simulation results or by editing the "By Clock Domain" view |
| I/O nodes activity          | Low        | More than 75% of inputs are missing user specification | Provide missing input activity with simulation results or by editing the "By Resource Type -> I/Os" view           |
| Internal nodes activity     | Medium     | User specified less than 25% of internal nodes         | Provide missing internal nodes activity with simulation results or by editing the "By Resource Type" views         |
| Device models               | High       | Device models are Production                           |                                                                                                                    |
|                             |            |                                                        |                                                                                                                    |
| Overall confidence level    | Low        |                                                        |                                                                                                                    |
+-----------------------------+------------+--------------------------------------------------------+--------------------------------------------------------------------------------------------------------------------+


2. Settings
-----------

2.1 Environment
---------------

+-----------------------+--------------------------+
| Ambient Temp (C)      | 25.0                     |
| ThetaJA (C/W)         | 4.8                      |
| Airflow (LFM)         | 250                      |
| Heat Sink             | medium (Medium Profile)  |
| ThetaSA (C/W)         | 4.6                      |
| Board Selection       | medium (10"x10")         |
| # of Board Layers     | 12to15 (12 to 15 Layers) |
| Board Temperature (C) | 25.0                     |
+-----------------------+--------------------------+


2.2 Clock Constraints
---------------------

+--------------------------------------------------------------------------------------------+----------------------------------------------------------------------+-----------------+
| Clock                                                                                      | Domain                                                               | Constraint (ns) |
+--------------------------------------------------------------------------------------------+----------------------------------------------------------------------+-----------------+
| dbg_hub/inst/BSCANID.u_xsdbm_id/SWITCH_N_EXT_BSCAN.bscan_inst/SERIES7_BSCAN.bscan_inst/TCK | dbg_hub/inst/BSCANID.u_xsdbm_id/SWITCH_N_EXT_BSCAN.bscan_inst/tck_bs |            33.0 |
+--------------------------------------------------------------------------------------------+----------------------------------------------------------------------+-----------------+


3. Detailed Reports
-------------------

3.1 By Hierarchy
----------------

+------------------------------------------------------------------------------------+-----------+
| Name                                                                               | Power (W) |
+------------------------------------------------------------------------------------+-----------+
| CPU                                                                                |     0.056 |
|   dbg_hub                                                                          |     0.001 |
|     inst                                                                           |     0.001 |
|       BSCANID.u_xsdbm_id                                                           |     0.001 |
|         CORE_XSDB.UUT_MASTER                                                       |    <0.001 |
|           U_ICON_INTERFACE                                                         |    <0.001 |
|             U_CMD1                                                                 |    <0.001 |
|             U_CMD2                                                                 |    <0.001 |
|             U_CMD3                                                                 |    <0.001 |
|             U_CMD4                                                                 |    <0.001 |
|             U_CMD5                                                                 |    <0.001 |
|             U_CMD6_RD                                                              |    <0.001 |
|               U_RD_FIFO                                                            |    <0.001 |
|                 SUBCORE_FIFO.xsdbm_v3_0_0_rdfifo_inst                              |    <0.001 |
|                   inst_fifo_gen                                                    |    <0.001 |
|                     gconvfifo.rf                                                   |    <0.001 |
|                       grf.rf                                                       |    <0.001 |
|                         gntv_or_sync_fifo.gcx.clkx                                 |    <0.001 |
|                           gnxpm_cdc.gsync_stage[1].rd_stg_inst                     |    <0.001 |
|                           gnxpm_cdc.gsync_stage[1].wr_stg_inst                     |    <0.001 |
|                           gnxpm_cdc.gsync_stage[2].rd_stg_inst                     |    <0.001 |
|                           gnxpm_cdc.gsync_stage[2].wr_stg_inst                     |    <0.001 |
|                         gntv_or_sync_fifo.gl0.rd                                   |    <0.001 |
|                           gr1.gr1_int.rfwft                                        |    <0.001 |
|                           gras.rsts                                                |    <0.001 |
|                           rpntr                                                    |    <0.001 |
|                         gntv_or_sync_fifo.gl0.wr                                   |    <0.001 |
|                           gwas.wsts                                                |    <0.001 |
|                           wpntr                                                    |    <0.001 |
|                         gntv_or_sync_fifo.mem                                      |    <0.001 |
|                           gdm.dm_gen.dm                                            |    <0.001 |
|                             RAM_reg_0_15_0_5                                       |    <0.001 |
|                             RAM_reg_0_15_12_15                                     |    <0.001 |
|                             RAM_reg_0_15_6_11                                      |    <0.001 |
|                         rstblk                                                     |    <0.001 |
|                           ngwrdrst.grst.g7serrst.gwrrd_rst_sync_stage[1].rrst_inst |    <0.001 |
|                           ngwrdrst.grst.g7serrst.gwrrd_rst_sync_stage[1].wrst_inst |    <0.001 |
|                           ngwrdrst.grst.g7serrst.gwrrd_rst_sync_stage[2].rrst_inst |    <0.001 |
|                           ngwrdrst.grst.g7serrst.gwrrd_rst_sync_stage[2].wrst_inst |    <0.001 |
|             U_CMD6_WR                                                              |    <0.001 |
|               U_WR_FIFO                                                            |    <0.001 |
|                 SUBCORE_FIFO.xsdbm_v3_0_0_wrfifo_inst                              |    <0.001 |
|                   inst_fifo_gen                                                    |    <0.001 |
|                     gconvfifo.rf                                                   |    <0.001 |
|                       grf.rf                                                       |    <0.001 |
|                         gntv_or_sync_fifo.gcx.clkx                                 |    <0.001 |
|                           gnxpm_cdc.gsync_stage[1].rd_stg_inst                     |    <0.001 |
|                           gnxpm_cdc.gsync_stage[1].wr_stg_inst                     |    <0.001 |
|                           gnxpm_cdc.gsync_stage[2].rd_stg_inst                     |    <0.001 |
|                           gnxpm_cdc.gsync_stage[2].wr_stg_inst                     |    <0.001 |
|                         gntv_or_sync_fifo.gl0.rd                                   |    <0.001 |
|                           gras.rsts                                                |    <0.001 |
|                           rpntr                                                    |    <0.001 |
|                         gntv_or_sync_fifo.gl0.wr                                   |    <0.001 |
|                           gwas.wsts                                                |    <0.001 |
|                           wpntr                                                    |    <0.001 |
|                         gntv_or_sync_fifo.mem                                      |    <0.001 |
|                           gdm.dm_gen.dm                                            |    <0.001 |
|                             RAM_reg_0_15_0_5                                       |    <0.001 |
|                             RAM_reg_0_15_12_15                                     |    <0.001 |
|                             RAM_reg_0_15_6_11                                      |    <0.001 |
|                         rstblk                                                     |    <0.001 |
|                           ngwrdrst.grst.g7serrst.gwrrd_rst_sync_stage[1].rrst_inst |    <0.001 |
|                           ngwrdrst.grst.g7serrst.gwrrd_rst_sync_stage[1].wrst_inst |    <0.001 |
|                           ngwrdrst.grst.g7serrst.gwrrd_rst_sync_stage[2].rrst_inst |    <0.001 |
|                           ngwrdrst.grst.g7serrst.gwrrd_rst_sync_stage[2].wrst_inst |    <0.001 |
|             U_CMD7_CTL                                                             |    <0.001 |
|             U_CMD7_STAT                                                            |    <0.001 |
|             U_STATIC_STATUS                                                        |    <0.001 |
|           U_XSDB_ADDRESS_CONTROLLER                                                |    <0.001 |
|           U_XSDB_BURST_WD_LEN_CONTROLLER                                           |    <0.001 |
|           U_XSDB_BUS_CONTROLLER                                                    |    <0.001 |
|             U_RD_ABORT_FLAG                                                        |    <0.001 |
|             U_RD_REQ_FLAG                                                          |    <0.001 |
|             U_TIMER                                                                |    <0.001 |
|           U_XSDB_BUS_MSTR2SL_PORT_IFACE                                            |    <0.001 |
|         CORE_XSDB.U_ICON                                                           |    <0.001 |
|           U_CMD                                                                    |    <0.001 |
|           U_STAT                                                                   |    <0.001 |
|           U_SYNC                                                                   |    <0.001 |
|         SWITCH_N_EXT_BSCAN.bscan_inst                                              |    <0.001 |
|         SWITCH_N_EXT_BSCAN.bscan_switch                                            |    <0.001 |
|   mio                                                                              |    <0.001 |
|   tube_clock                                                                       |    <0.001 |
|   tube_tb                                                                          |    <0.001 |
|   uALU                                                                             |    <0.001 |
|   u_ila_0                                                                          |    <0.001 |
|     inst                                                                           |    <0.001 |
|       ila_core_inst                                                                |    <0.001 |
|         ila_trace_memory_inst                                                      |    <0.001 |
|           SUBCORE_RAM_BLK_MEM_1.trace_block_memory                                 |    <0.001 |
|             inst_blk_mem_gen                                                       |    <0.001 |
|               gnbram.gnativebmg.native_blk_mem_gen                                 |    <0.001 |
|                 valid.cstr                                                         |    <0.001 |
|                   ramloop[0].ram.r                                                 |    <0.001 |
|                     prim_noinit.ram                                                |    <0.001 |
|                   ramloop[1].ram.r                                                 |    <0.001 |
|                     prim_noinit.ram                                                |    <0.001 |
|         u_ila_cap_ctrl                                                             |    <0.001 |
|           U_CDONE                                                                  |    <0.001 |
|           U_NS0                                                                    |    <0.001 |
|           U_NS1                                                                    |    <0.001 |
|           u_cap_addrgen                                                            |    <0.001 |
|             U_CMPRESET                                                             |    <0.001 |
|             u_cap_sample_counter                                                   |    <0.001 |
|               U_SCE                                                                |     0.000 |
|               U_SCMPCE                                                             |     0.000 |
|               U_SCRST                                                              |    <0.001 |
|               u_scnt_cmp                                                           |     0.000 |
|                 allx_typeA_match_detection.ltlib_v1_0_0_allx_typeA_inst            |     0.000 |
|                   DUT                                                              |     0.000 |
|                     I_WHOLE_SLICE.G_SLICE_IDX[0].U_ALL_SRL_SLICE                   |     0.000 |
|                       u_srlA                                                       |     0.000 |
|                       u_srlB                                                       |     0.000 |
|                       u_srlC                                                       |     0.000 |
|                       u_srlD                                                       |     0.000 |
|                     I_WHOLE_SLICE.G_SLICE_IDX[1].U_ALL_SRL_SLICE                   |     0.000 |
|                       u_srlA                                                       |     0.000 |
|                       u_srlB                                                       |     0.000 |
|                       u_srlC                                                       |     0.000 |
|                       u_srlD                                                       |     0.000 |
|             u_cap_window_counter                                                   |    <0.001 |
|               U_WCE                                                                |     0.000 |
|               U_WHCMPCE                                                            |     0.000 |
|               U_WLCMPCE                                                            |     0.000 |
|               u_wcnt_hcmp                                                          |     0.000 |
|                 allx_typeA_match_detection.ltlib_v1_0_0_allx_typeA_inst            |     0.000 |
|                   DUT                                                              |     0.000 |
|                     I_WHOLE_SLICE.G_SLICE_IDX[0].U_ALL_SRL_SLICE                   |     0.000 |
|                       u_srlA                                                       |     0.000 |
|                       u_srlB                                                       |     0.000 |
|                       u_srlC                                                       |     0.000 |
|                       u_srlD                                                       |     0.000 |
|                     I_WHOLE_SLICE.G_SLICE_IDX[1].U_ALL_SRL_SLICE                   |     0.000 |
|                       u_srlA                                                       |     0.000 |
|                       u_srlB                                                       |     0.000 |
|                       u_srlC                                                       |     0.000 |
|                       u_srlD                                                       |     0.000 |
|               u_wcnt_lcmp                                                          |    <0.001 |
|                 allx_typeA_match_detection.ltlib_v1_0_0_allx_typeA_inst            |    <0.001 |
|                   DUT                                                              |     0.000 |
|                     I_WHOLE_SLICE.G_SLICE_IDX[0].U_ALL_SRL_SLICE                   |     0.000 |
|                       u_srlA                                                       |     0.000 |
|                       u_srlB                                                       |     0.000 |
|                       u_srlC                                                       |     0.000 |
|                       u_srlD                                                       |     0.000 |
|                     I_WHOLE_SLICE.G_SLICE_IDX[1].U_ALL_SRL_SLICE                   |     0.000 |
|                       u_srlA                                                       |     0.000 |
|                       u_srlB                                                       |     0.000 |
|                       u_srlC                                                       |     0.000 |
|                       u_srlD                                                       |     0.000 |
|         u_ila_regs                                                                 |    <0.001 |
|           MU_SRL[0].mu_srl_reg                                                     |    <0.001 |
|           MU_SRL[1].mu_srl_reg                                                     |    <0.001 |
|           TC_SRL[0].tc_srl_reg                                                     |    <0.001 |
|           U_XSDB_SLAVE                                                             |    <0.001 |
|           reg_15                                                                   |     0.000 |
|             I_EN_CTL_EQ1.U_CTL                                                     |     0.000 |
|           reg_16                                                                   |    <0.001 |
|             I_EN_CTL_EQ1.U_CTL                                                     |    <0.001 |
|           reg_17                                                                   |     0.000 |
|             I_EN_CTL_EQ1.U_CTL                                                     |     0.000 |
|           reg_18                                                                   |    <0.001 |
|             I_EN_CTL_EQ1.U_CTL                                                     |    <0.001 |
|           reg_19                                                                   |     0.000 |
|             I_EN_CTL_EQ1.U_CTL                                                     |     0.000 |
|           reg_1a                                                                   |    <0.001 |
|             I_EN_CTL_EQ1.U_CTL                                                     |    <0.001 |
|           reg_6                                                                    |    <0.001 |
|             I_EN_CTL_EQ1.U_CTL                                                     |    <0.001 |
|           reg_7                                                                    |    <0.001 |
|             I_EN_CTL_EQ1.U_CTL                                                     |    <0.001 |
|           reg_8                                                                    |    <0.001 |
|             I_EN_STAT_EQ1.U_STAT                                                   |    <0.001 |
|           reg_80                                                                   |     0.000 |
|             I_EN_CTL_EQ1.U_CTL                                                     |     0.000 |
|           reg_81                                                                   |    <0.001 |
|             I_EN_CTL_EQ1.U_CTL                                                     |    <0.001 |
|           reg_82                                                                   |    <0.001 |
|             I_EN_CTL_EQ1.U_CTL                                                     |    <0.001 |
|           reg_83                                                                   |    <0.001 |
|             I_EN_CTL_EQ1.U_CTL                                                     |    <0.001 |
|           reg_84                                                                   |    <0.001 |
|             I_EN_CTL_EQ1.U_CTL                                                     |    <0.001 |
|           reg_85                                                                   |     0.000 |
|             I_EN_CTL_EQ1.U_CTL                                                     |     0.000 |
|           reg_887                                                                  |     0.000 |
|             I_EN_STAT_EQ1.U_STAT                                                   |     0.000 |
|           reg_88d                                                                  |    <0.001 |
|             I_EN_STAT_EQ1.U_STAT                                                   |    <0.001 |
|           reg_890                                                                  |     0.000 |
|             I_EN_STAT_EQ1.U_STAT                                                   |     0.000 |
|           reg_9                                                                    |    <0.001 |
|             I_EN_STAT_EQ1.U_STAT                                                   |    <0.001 |
|           reg_srl_fff                                                              |    <0.001 |
|           reg_stream_ffd                                                           |    <0.001 |
|             I_EN_CTL_EQ1.U_CTL                                                     |    <0.001 |
|           reg_stream_ffe                                                           |    <0.001 |
|             I_EN_STAT_EQ1.U_STAT                                                   |    <0.001 |
|         u_ila_reset_ctrl                                                           |    <0.001 |
|           arm_detection_inst                                                       |    <0.001 |
|           asyncrounous_transfer.arm_in_transfer_inst                               |    <0.001 |
|           asyncrounous_transfer.arm_out_transfer_inst                              |    <0.001 |
|           asyncrounous_transfer.halt_in_transfer_inst                              |    <0.001 |
|           asyncrounous_transfer.halt_out_transfer_inst                             |    <0.001 |
|           halt_detection_inst                                                      |    <0.001 |
|         u_trig                                                                     |    <0.001 |
|           N_DDR_TC.N_DDR_TC_INST[0].U_TC                                           |    <0.001 |
|             allx_typeA_match_detection.ltlib_v1_0_0_allx_typeA_inst                |     0.000 |
|               DUT                                                                  |     0.000 |
|                 I_WHOLE_SLICE.G_SLICE_IDX[0].U_ALL_SRL_SLICE                       |     0.000 |
|                   u_srlA                                                           |     0.000 |
|                   u_srlB                                                           |     0.000 |
|                   u_srlC                                                           |     0.000 |
|                   u_srlD                                                           |     0.000 |
|           U_TM                                                                     |    <0.001 |
|             N_DDR_MODE.G_NMU[0].U_M                                                |    <0.001 |
|               allx_typeA_match_detection.ltlib_v1_0_0_allx_typeA_inst              |    <0.001 |
|                 DUT                                                                |    <0.001 |
|                   I_WHOLE_SLICE.G_SLICE_IDX[0].U_ALL_SRL_SLICE                     |    <0.001 |
|                     u_srlA                                                         |     0.000 |
|                     u_srlB                                                         |     0.000 |
|                     u_srlC                                                         |     0.000 |
|                     u_srlD                                                         |     0.000 |
|             N_DDR_MODE.G_NMU[1].U_M                                                |    <0.001 |
|               allx_typeA_match_detection.ltlib_v1_0_0_allx_typeA_inst              |    <0.001 |
|                 DUT                                                                |    <0.001 |
|                   I_WHOLE_SLICE.G_SLICE_IDX[0].U_ALL_SRL_SLICE                     |    <0.001 |
|                     u_srlA                                                         |     0.000 |
|                     u_srlB                                                         |     0.000 |
|                     u_srlC                                                         |     0.000 |
|                     u_srlD                                                         |     0.000 |
|         xsdb_memory_read_inst                                                      |    <0.001 |
|   uart                                                                             |    <0.001 |
|     inst                                                                           |    <0.001 |
|       upg_inst                                                                     |    <0.001 |
|         axi_uart_inst                                                              |    <0.001 |
|           U0                                                                       |    <0.001 |
|             AXI_LITE_IPIF_I                                                        |    <0.001 |
|               I_SLAVE_ATTACHMENT                                                   |    <0.001 |
|                 I_DECODER                                                          |    <0.001 |
|                   MEM_DECODE_GEN[0].PER_CE_GEN[0].MULTIPLE_CES_THIS_CS_GEN.CE_I    |    <0.001 |
|                   MEM_DECODE_GEN[0].PER_CE_GEN[2].MULTIPLE_CES_THIS_CS_GEN.CE_I    |    <0.001 |
|             UARTLITE_CORE_I                                                        |    <0.001 |
|               BAUD_RATE_I                                                          |    <0.001 |
|               UARTLITE_RX_I                                                        |    <0.001 |
|                 DELAY_16_I                                                         |    <0.001 |
|                 INPUT_DOUBLE_REGS3                                                 |    <0.001 |
|                 SRL_FIFO_I                                                         |    <0.001 |
|                   I_SRL_FIFO_RBU_F                                                 |    <0.001 |
|                     CNTR_INCR_DECR_ADDN_F_I                                        |    <0.001 |
|                     DYNSHREG_F_I                                                   |    <0.001 |
|               UARTLITE_TX_I                                                        |    <0.001 |
|                 MID_START_BIT_SRL16_I                                              |    <0.001 |
|                 SRL_FIFO_I                                                         |    <0.001 |
|                   I_SRL_FIFO_RBU_F                                                 |    <0.001 |
|                     CNTR_INCR_DECR_ADDN_F_I                                        |    <0.001 |
|                     DYNSHREG_F_I                                                   |    <0.001 |
|   uclk                                                                             |     0.048 |
|     inst                                                                           |     0.048 |
|   udcd                                                                             |    <0.001 |
|   uif                                                                              |     0.004 |
|     instmem                                                                        |     0.002 |
|       U0                                                                           |     0.002 |
|         inst_blk_mem_gen                                                           |     0.002 |
|           gnbram.gnativebmg.native_blk_mem_gen                                     |     0.002 |
|             valid.cstr                                                             |     0.002 |
|               bindec_a.bindec_inst_a                                               |    <0.001 |
|               has_mux_a.A                                                          |     0.002 |
|               ramloop[0].ram.r                                                     |    <0.001 |
|                 prim_init.ram                                                      |    <0.001 |
|               ramloop[10].ram.r                                                    |    <0.001 |
|                 prim_init.ram                                                      |    <0.001 |
|               ramloop[11].ram.r                                                    |    <0.001 |
|                 prim_init.ram                                                      |    <0.001 |
|               ramloop[12].ram.r                                                    |    <0.001 |
|                 prim_init.ram                                                      |    <0.001 |
|               ramloop[13].ram.r                                                    |    <0.001 |
|                 prim_init.ram                                                      |    <0.001 |
|               ramloop[14].ram.r                                                    |    <0.001 |
|                 prim_init.ram                                                      |    <0.001 |
|               ramloop[1].ram.r                                                     |    <0.001 |
|                 prim_init.ram                                                      |    <0.001 |
|               ramloop[2].ram.r                                                     |    <0.001 |
|                 prim_init.ram                                                      |    <0.001 |
|               ramloop[3].ram.r                                                     |    <0.001 |
|                 prim_init.ram                                                      |    <0.001 |
|               ramloop[4].ram.r                                                     |    <0.001 |
|                 prim_init.ram                                                      |    <0.001 |
|               ramloop[5].ram.r                                                     |    <0.001 |
|                 prim_init.ram                                                      |    <0.001 |
|               ramloop[6].ram.r                                                     |    <0.001 |
|                 prim_init.ram                                                      |    <0.001 |
|               ramloop[7].ram.r                                                     |    <0.001 |
|                 prim_init.ram                                                      |    <0.001 |
|               ramloop[8].ram.r                                                     |    <0.001 |
|                 prim_init.ram                                                      |    <0.001 |
|               ramloop[9].ram.r                                                     |    <0.001 |
|                 prim_init.ram                                                      |    <0.001 |
|   uled                                                                             |     0.000 |
|   umem                                                                             |    <0.001 |
|     ram                                                                            |    <0.001 |
|       U0                                                                           |    <0.001 |
|         inst_blk_mem_gen                                                           |    <0.001 |
|           gnbram.gnativebmg.native_blk_mem_gen                                     |    <0.001 |
|             valid.cstr                                                             |    <0.001 |
|               bindec_a.bindec_inst_a                                               |    <0.001 |
|               has_mux_a.A                                                          |    <0.001 |
|               ramloop[0].ram.r                                                     |    <0.001 |
|                 prim_init.ram                                                      |    <0.001 |
|               ramloop[10].ram.r                                                    |    <0.001 |
|                 prim_init.ram                                                      |    <0.001 |
|               ramloop[11].ram.r                                                    |    <0.001 |
|                 prim_init.ram                                                      |    <0.001 |
|               ramloop[12].ram.r                                                    |    <0.001 |
|                 prim_init.ram                                                      |    <0.001 |
|               ramloop[13].ram.r                                                    |    <0.001 |
|                 prim_init.ram                                                      |    <0.001 |
|               ramloop[14].ram.r                                                    |    <0.001 |
|                 prim_init.ram                                                      |    <0.001 |
|               ramloop[1].ram.r                                                     |    <0.001 |
|                 prim_init.ram                                                      |    <0.001 |
|               ramloop[2].ram.r                                                     |    <0.001 |
|                 prim_init.ram                                                      |    <0.001 |
|               ramloop[3].ram.r                                                     |    <0.001 |
|                 prim_init.ram                                                      |    <0.001 |
|               ramloop[4].ram.r                                                     |    <0.001 |
|                 prim_init.ram                                                      |    <0.001 |
|               ramloop[5].ram.r                                                     |    <0.001 |
|                 prim_init.ram                                                      |    <0.001 |
|               ramloop[6].ram.r                                                     |    <0.001 |
|                 prim_init.ram                                                      |    <0.001 |
|               ramloop[7].ram.r                                                     |    <0.001 |
|                 prim_init.ram                                                      |    <0.001 |
|               ramloop[8].ram.r                                                     |    <0.001 |
|                 prim_init.ram                                                      |    <0.001 |
|               ramloop[9].ram.r                                                     |    <0.001 |
|                 prim_init.ram                                                      |    <0.001 |
|   uswitch                                                                          |     0.000 |
+------------------------------------------------------------------------------------+-----------+


